<?xml version="1.0" encoding="UTF-8"?>
<!-- Generated by org.testng.reporters.JUnitReportReporter -->
<testsuite hostname="PC0QMY9T" failures="0" tests="1" name="framework.poc.test.TestAUT" time="15.529" errors="0" timestamp="01 May 2018 21:14:17 GMT" skipped="0">
  <testcase classname="framework.poc.test.TestAUT" name="testLogin" time="15.529"/>
</testsuite> <!-- framework.poc.test.TestAUT -->
