<?xml version="1.0" encoding="UTF-8"?>
<!-- Generated by org.testng.reporters.JUnitReportReporter -->
<testsuite hostname="PC0QMY9T" failures="0" tests="1" name="framework.poc.test.AUT" time="12.988" errors="0" timestamp="17 Apr 2018 16:11:34 GMT" skipped="0">
  <testcase classname="framework.poc.test.AUT" name="testLogInOutUser" time="12.988"/>
</testsuite> <!-- framework.poc.test.AUT -->
