<?xml version="1.0" encoding="UTF-8"?>
<!-- Generated by org.testng.reporters.JUnitReportReporter -->
<testsuite hostname="remote-pc" failures="0" tests="1" name="framework.poc.test.TestAUT" time="14.516" errors="0" timestamp="18 Apr 2018 02:35:13 GMT" skipped="0">
  <testcase classname="framework.poc.test.TestAUT" name="testLogInOutUser" time="14.516"/>
</testsuite> <!-- framework.poc.test.TestAUT -->
